<?xml version="1.0" encoding="UTF-8"?>
<testng-results ignored="4" total="17" passed="13" failed="0" skipped="0">
  <reporter-output>
  </reporter-output>
  <suite started-at="2023-07-16T19:19:14 IST" name="Suite" finished-at="2023-07-16T19:19:46 IST" duration-ms="32231">
    <groups>
    </groups>
    <test started-at="2023-07-16T19:19:14 IST" name="Test" finished-at="2023-07-16T19:19:46 IST" duration-ms="32231">
      <class name="com.saucelabs.testcases.ProductsPageTest">
        <test-method is-config="true" signature="launchApp()[pri:0, instance:com.saucelabs.testcases.ProductsPageTest@478190fc]" started-at="2023-07-16T19:19:28 IST" name="launchApp" finished-at="2023-07-16T19:19:30 IST" duration-ms="1938" status="PASS">
          <reporter-output>
          </reporter-output>
        </test-method> <!-- launchApp -->
        <test-method signature="verifyProductsPageURL()[pri:1, instance:com.saucelabs.testcases.ProductsPageTest@478190fc]" started-at="2023-07-16T19:19:30 IST" name="verifyProductsPageURL" finished-at="2023-07-16T19:19:30 IST" duration-ms="577" status="PASS">
          <reporter-output>
          </reporter-output>
        </test-method> <!-- verifyProductsPageURL -->
        <test-method signature="verifyProductsPageTitle()[pri:2, instance:com.saucelabs.testcases.ProductsPageTest@478190fc]" started-at="2023-07-16T19:19:30 IST" name="verifyProductsPageTitle" finished-at="2023-07-16T19:19:30 IST" duration-ms="9" status="PASS">
          <reporter-output>
          </reporter-output>
        </test-method> <!-- verifyProductsPageTitle -->
        <test-method signature="verifyProductsPageAppLogoDisplayed()[pri:3, instance:com.saucelabs.testcases.ProductsPageTest@478190fc]" started-at="2023-07-16T19:19:30 IST" name="verifyProductsPageAppLogoDisplayed" finished-at="2023-07-16T19:19:30 IST" duration-ms="46" status="PASS">
          <reporter-output>
          </reporter-output>
        </test-method> <!-- verifyProductsPageAppLogoDisplayed -->
        <test-method signature="verifyLogoutFunction()[pri:4, instance:com.saucelabs.testcases.ProductsPageTest@478190fc]" started-at="2023-07-16T19:19:30 IST" name="verifyLogoutFunction" finished-at="2023-07-16T19:19:31 IST" duration-ms="755" status="PASS">
          <reporter-output>
          </reporter-output>
        </test-method> <!-- verifyLogoutFunction -->
        <test-method signature="verifyPriceFilterAscOrder()[pri:5, instance:com.saucelabs.testcases.ProductsPageTest@478190fc]" started-at="2023-07-16T19:19:31 IST" name="verifyPriceFilterAscOrder" finished-at="2023-07-16T19:19:39 IST" duration-ms="7576" status="PASS">
          <reporter-output>
          </reporter-output>
        </test-method> <!-- verifyPriceFilterAscOrder -->
        <test-method signature="verifyPriceFilterDescOrder()[pri:6, instance:com.saucelabs.testcases.ProductsPageTest@478190fc]" started-at="2023-07-16T19:19:39 IST" name="verifyPriceFilterDescOrder" finished-at="2023-07-16T19:19:46 IST" duration-ms="6867" status="PASS">
          <reporter-output>
          </reporter-output>
        </test-method> <!-- verifyPriceFilterDescOrder -->
        <test-method is-config="true" signature="tearDown()[pri:0, instance:com.saucelabs.testcases.ProductsPageTest@478190fc]" started-at="2023-07-16T19:19:46 IST" name="tearDown" finished-at="2023-07-16T19:19:46 IST" duration-ms="301" status="PASS">
          <reporter-output>
          </reporter-output>
        </test-method> <!-- tearDown -->
      </class> <!-- com.saucelabs.testcases.ProductsPageTest -->
      <class name="com.saucelabs.testcases.LoginPageTest">
        <test-method is-config="true" signature="beforeSuite()[pri:0, instance:com.saucelabs.testcases.LoginPageTest@222545dc]" started-at="2023-07-16T19:19:13 IST" name="beforeSuite" finished-at="2023-07-16T19:19:14 IST" duration-ms="263" status="PASS">
          <reporter-output>
          </reporter-output>
        </test-method> <!-- beforeSuite -->
        <test-method is-config="true" signature="launchApp()[pri:0, instance:com.saucelabs.testcases.LoginPageTest@222545dc]" started-at="2023-07-16T19:19:14 IST" name="launchApp" finished-at="2023-07-16T19:19:17 IST" duration-ms="3427" status="PASS">
          <reporter-output>
          </reporter-output>
        </test-method> <!-- launchApp -->
        <test-method signature="verifyLoginPageURL()[pri:1, instance:com.saucelabs.testcases.LoginPageTest@222545dc]" started-at="2023-07-16T19:19:17 IST" name="verifyLoginPageURL" finished-at="2023-07-16T19:19:18 IST" duration-ms="443" status="PASS">
          <reporter-output>
          </reporter-output>
        </test-method> <!-- verifyLoginPageURL -->
        <test-method signature="verifyLoginPageTitle()[pri:2, instance:com.saucelabs.testcases.LoginPageTest@222545dc]" started-at="2023-07-16T19:19:18 IST" name="verifyLoginPageTitle" finished-at="2023-07-16T19:19:18 IST" duration-ms="9" status="PASS">
          <reporter-output>
          </reporter-output>
        </test-method> <!-- verifyLoginPageTitle -->
        <test-method signature="verifyLoginPageAppLogoDisplayed()[pri:3, instance:com.saucelabs.testcases.LoginPageTest@222545dc]" started-at="2023-07-16T19:19:18 IST" name="verifyLoginPageAppLogoDisplayed" finished-at="2023-07-16T19:19:18 IST" duration-ms="52" status="PASS">
          <reporter-output>
          </reporter-output>
        </test-method> <!-- verifyLoginPageAppLogoDisplayed -->
        <test-method signature="loginTest(java.lang.String,java.lang.String,java.lang.String)[pri:4, instance:com.saucelabs.testcases.LoginPageTest@222545dc]" started-at="2023-07-16T19:19:18 IST" name="loginTest" data-provider="LoginCredentials" finished-at="2023-07-16T19:19:20 IST" duration-ms="1234" status="PASS">
          <params>
            <param index="0">
              <value>
                <![CDATA[standard_user]]>
              </value>
            </param>
            <param index="1">
              <value>
                <![CDATA[secret_sauce]]>
              </value>
            </param>
            <param index="2">
              <value>
                <![CDATA[Valid]]>
              </value>
            </param>
          </params>
          <reporter-output>
          </reporter-output>
        </test-method> <!-- loginTest -->
        <test-method signature="loginTest(java.lang.String,java.lang.String,java.lang.String)[pri:4, instance:com.saucelabs.testcases.LoginPageTest@222545dc]" started-at="2023-07-16T19:19:20 IST" name="loginTest" data-provider="LoginCredentials" finished-at="2023-07-16T19:19:20 IST" duration-ms="425" status="PASS">
          <params>
            <param index="0">
              <value>
                <![CDATA[locked_out_user]]>
              </value>
            </param>
            <param index="1">
              <value>
                <![CDATA[secret_sauce]]>
              </value>
            </param>
            <param index="2">
              <value>
                <![CDATA[Inalid]]>
              </value>
            </param>
          </params>
          <reporter-output>
          </reporter-output>
        </test-method> <!-- loginTest -->
        <test-method signature="loginTest(java.lang.String,java.lang.String,java.lang.String)[pri:4, instance:com.saucelabs.testcases.LoginPageTest@222545dc]" started-at="2023-07-16T19:19:20 IST" name="loginTest" data-provider="LoginCredentials" finished-at="2023-07-16T19:19:21 IST" duration-ms="1197" status="PASS">
          <params>
            <param index="0">
              <value>
                <![CDATA[problem_user]]>
              </value>
            </param>
            <param index="1">
              <value>
                <![CDATA[secret_sauce]]>
              </value>
            </param>
            <param index="2">
              <value>
                <![CDATA[Valid]]>
              </value>
            </param>
          </params>
          <reporter-output>
          </reporter-output>
        </test-method> <!-- loginTest -->
        <test-method signature="loginTest(java.lang.String,java.lang.String,java.lang.String)[pri:4, instance:com.saucelabs.testcases.LoginPageTest@222545dc]" started-at="2023-07-16T19:19:21 IST" name="loginTest" data-provider="LoginCredentials" finished-at="2023-07-16T19:19:27 IST" duration-ms="6216" status="PASS">
          <params>
            <param index="0">
              <value>
                <![CDATA[performance_glitch_user]]>
              </value>
            </param>
            <param index="1">
              <value>
                <![CDATA[secret_sauce]]>
              </value>
            </param>
            <param index="2">
              <value>
                <![CDATA[Valid]]>
              </value>
            </param>
          </params>
          <reporter-output>
          </reporter-output>
        </test-method> <!-- loginTest -->
        <test-method is-config="true" signature="tearDown()[pri:0, instance:com.saucelabs.testcases.LoginPageTest@222545dc]" started-at="2023-07-16T19:19:27 IST" name="tearDown" finished-at="2023-07-16T19:19:28 IST" duration-ms="303" status="PASS">
          <reporter-output>
          </reporter-output>
        </test-method> <!-- tearDown -->
        <test-method is-config="true" signature="afterSuite()[pri:0, instance:com.saucelabs.testcases.LoginPageTest@222545dc]" started-at="2023-07-16T19:19:46 IST" name="afterSuite" finished-at="2023-07-16T19:19:46 IST" duration-ms="514" status="PASS">
          <reporter-output>
          </reporter-output>
        </test-method> <!-- afterSuite -->
      </class> <!-- com.saucelabs.testcases.LoginPageTest -->
    </test> <!-- Test -->
  </suite> <!-- Suite -->
</testng-results>
