<?xml version="1.0" encoding="UTF-8"?>
<!-- Generated by org.testng.reporters.JUnitXMLReporter -->
<testsuite ignored="4" hostname="LAPTOP-215LBTJ2" failures="0" tests="13" name="Test" time="32.231" errors="0" timestamp="2023-07-16T19:19:46 IST">
  <testcase classname="com.saucelabs.testcases.LoginPageTest" name="verifyLoginPageURL" time="0.443"/>
  <testcase classname="com.saucelabs.testcases.LoginPageTest" name="verifyLoginPageTitle" time="0.009"/>
  <testcase classname="com.saucelabs.testcases.LoginPageTest" name="verifyLoginPageAppLogoDisplayed" time="0.052"/>
  <testcase classname="com.saucelabs.testcases.LoginPageTest" name="loginTest" time="1.234"/>
  <testcase classname="com.saucelabs.testcases.LoginPageTest" name="loginTest" time="0.425"/>
  <testcase classname="com.saucelabs.testcases.LoginPageTest" name="loginTest" time="1.197"/>
  <testcase classname="com.saucelabs.testcases.LoginPageTest" name="loginTest" time="6.216"/>
  <testcase classname="com.saucelabs.testcases.ProductsPageTest" name="verifyProductsPageURL" time="0.577"/>
  <testcase classname="com.saucelabs.testcases.ProductsPageTest" name="verifyProductsPageTitle" time="0.009"/>
  <testcase classname="com.saucelabs.testcases.ProductsPageTest" name="verifyProductsPageAppLogoDisplayed" time="0.046"/>
  <testcase classname="com.saucelabs.testcases.ProductsPageTest" name="verifyLogoutFunction" time="0.755"/>
  <testcase classname="com.saucelabs.testcases.ProductsPageTest" name="verifyPriceFilterAscOrder" time="7.576"/>
  <testcase classname="com.saucelabs.testcases.ProductsPageTest" name="verifyPriceFilterDescOrder" time="6.867"/>
  <testcase classname="com.saucelabs.base.BaseClass" name="@BeforeSuite beforeSuite" time="0.0">
    <ignored/>
  </testcase> <!-- @BeforeSuite beforeSuite -->
  <testcase classname="com.saucelabs.base.BaseClass" name="@BeforeSuite beforeSuite" time="0.0">
    <ignored/>
  </testcase> <!-- @BeforeSuite beforeSuite -->
  <testcase classname="com.saucelabs.base.BaseClass" name="@AfterSuite afterSuite" time="0.0">
    <ignored/>
  </testcase> <!-- @AfterSuite afterSuite -->
  <testcase classname="com.saucelabs.base.BaseClass" name="@AfterSuite afterSuite" time="0.0">
    <ignored/>
  </testcase> <!-- @AfterSuite afterSuite -->
</testsuite> <!-- Test -->
