<?xml version="1.0" encoding="UTF-8"?>
<!-- Generated by org.testng.reporters.JUnitXMLReporter -->
<testsuite ignored="3" hostname="LAPTOP-215LBTJ2" failures="0" tests="1" name="Default test" time="4.588" errors="0" timestamp="2023-07-16T19:12:49 IST">
  <testcase classname="com.saucelabs.testcases.LoginPageTest" name="verifyLoginPageURL" time="0.513"/>
  <testcase classname="com.saucelabs.testcases.LoginPageTest" name="verifyLoginPageAppLogoDisplayed" time="0.0">
    <ignored/>
  </testcase> <!-- verifyLoginPageAppLogoDisplayed -->
  <testcase classname="com.saucelabs.testcases.LoginPageTest" name="verifyLoginPageTitle" time="0.0">
    <ignored/>
  </testcase> <!-- verifyLoginPageTitle -->
  <testcase classname="com.saucelabs.testcases.LoginPageTest" name="loginTest" time="0.0">
    <ignored/>
  </testcase> <!-- loginTest -->
</testsuite> <!-- Default test -->
